<?xml version="1.0" encoding="UTF-8"?>
<!-- Generated by org.testng.reporters.JUnitReportReporter -->
<testsuite skipped="0" hostname="aDee-Powerhouse" name="testcases.testcase1" tests="2" failures="0" timestamp="23 Nov 2017 00:30:15 GMT" time="6.179" errors="0">
  <testcase name="validateHomePageTitle" time="4.344" classname="testcases.testcase1"/>
  <testcase name="login" time="1.835" classname="testcases.testcase1"/>
</testsuite> <!-- testcases.testcase1 -->
