<?xml version="1.0" encoding="UTF-8"?>
<!-- Generated by org.testng.reporters.JUnitReportReporter -->
<testsuite skipped="0" hostname="aDee-Powerhouse" name="testcases.testcase1" tests="2" failures="0" timestamp="23 Nov 2017 02:53:30 GMT" time="2.388" errors="0">
  <testcase name="validateHomePageTitle" time="0.862" classname="testcases.testcase1"/>
  <testcase name="login" time="1.526" classname="testcases.testcase1"/>
</testsuite> <!-- testcases.testcase1 -->
